[07/09/22 16:31:20] hasAbility
[07/09/22 16:31:20] getHitPoint
[07/09/22 16:31:20] getMovement
[07/09/22 16:31:21] getHitPoint
[07/09/22 16:31:21] getHitPoint
[07/09/22 16:31:21] getHitPoint
[07/09/22 16:31:21] getHitPoint
[07/09/22 16:31:21] hasAbility
[07/09/22 16:31:21] hasAbility
[07/09/22 16:31:21] hasAbility
[07/09/22 16:31:21] hasAbility
[07/09/22 16:31:21] hasAbility
[07/09/22 16:31:21] hasAbility
[07/09/22 16:31:21] hasAbility
[07/09/22 16:31:21] hasAbility
[07/09/22 16:31:21] hasAbility
[07/09/22 16:31:21] hasAbility
[07/09/22 16:31:21] hasAbility
[07/09/22 16:31:21] hasAbility
[07/09/22 16:31:21] hasAbility
[07/09/22 16:31:21] hasMovementBonus
[07/09/22 16:31:21] hasAbility
[07/09/22 16:31:21] hasAbility
[07/09/22 16:31:21] hasAbility
[07/09/22 16:31:21] hasAbility
[07/09/22 16:31:21] hasAbility
[07/09/22 16:31:21] hasAbility
[07/09/22 16:31:21] hasAbility
[07/09/22 16:31:21] hasAbility
[07/09/22 16:31:21] hasAbility
[07/09/22 16:31:21] hasAbility
[07/09/22 16:31:21] hasAbility
[07/09/22 16:31:21] hasAbility
[07/09/22 16:31:21] hasAbility
[07/09/22 16:31:21] hasMovementBonus
[07/09/22 16:31:21] getMovement
[07/09/22 16:31:21] getLeadership
[07/09/22 16:31:21] getScout
[07/09/22 16:31:21] getMovement
[07/09/22 16:31:21] getLeadership
[07/09/22 16:31:21] getScout
[07/09/22 16:31:22] getDescTxt
[07/09/22 16:31:22] getHitPoint
[07/09/22 16:31:22] getArmor
[07/09/22 16:31:22] getXpNext
[07/09/22 16:31:22] getImmuneToSource
[07/09/22 16:31:22] getImmuneToSource
[07/09/22 16:31:22] getImmuneToSource
[07/09/22 16:31:22] getImmuneToSource
[07/09/22 16:31:22] getImmuneToSource
[07/09/22 16:31:22] getImmuneToSource
[07/09/22 16:31:22] getImmuneToSource
[07/09/22 16:31:22] getImmuneToSource
[07/09/22 16:31:22] getImmuneToAttack
[07/09/22 16:31:22] getImmuneToAttack
[07/09/22 16:31:22] getImmuneToAttack
[07/09/22 16:31:22] getImmuneToAttack
[07/09/22 16:31:22] getImmuneToAttack
[07/09/22 16:31:22] getImmuneToAttack
[07/09/22 16:31:22] getImmuneToAttack
[07/09/22 16:31:22] getImmuneToAttack
[07/09/22 16:31:22] getImmuneToAttack
[07/09/22 16:31:22] getImmuneToAttack
[07/09/22 16:31:22] getImmuneToAttack
[07/09/22 16:31:22] getImmuneToAttack
[07/09/22 16:31:22] getImmuneToAttack
[07/09/22 16:31:22] getImmuneToAttack
[07/09/22 16:31:22] getImmuneToAttack
[07/09/22 16:31:22] getImmuneToAttack
[07/09/22 16:31:22] getImmuneToAttack
[07/09/22 16:31:22] getImmuneToAttack
[07/09/22 16:31:22] getImmuneToAttack
[07/09/22 16:31:22] getImmuneToAttack
[07/09/22 16:31:22] getImmuneToAttack
[07/09/22 16:31:22] getImmuneToAttack
[07/09/22 16:31:22] getImmuneToAttack
[07/09/22 16:31:22] getImmuneToAttack
[07/09/22 16:31:22] getImmuneToAttack
[07/09/22 16:31:22] getImmuneToAttack
[07/09/22 16:31:22] getImmuneToAttack
[07/09/22 16:31:22] getImmuneToAttack
[07/09/22 16:31:22] getImmuneToAttack
[07/09/22 16:31:22] getImmuneToAttack
[07/09/22 16:31:22] getImmuneToAttack
[07/09/22 16:31:22] getImmuneToAttack
[07/09/22 16:31:22] getImmuneToAttack
[07/09/22 16:31:22] getImmuneToAttack
[07/09/22 16:31:22] getImmuneToAttack
[07/09/22 16:31:22] getImmuneToAttack
[07/09/22 16:31:22] getImmuneToAttack
[07/09/22 16:31:22] getImmuneToAttack
[07/09/22 16:31:22] getImmuneToAttack
[07/09/22 16:31:22] getImmuneToAttack
[07/09/22 16:31:22] getImmuneToAttack
[07/09/22 16:31:22] getImmuneToAttack
[07/09/22 16:31:22] getImmuneToAttack
[07/09/22 16:31:22] getImmuneToAttack
[07/09/22 16:31:22] getImmuneToSource
[07/09/22 16:31:22] getImmuneToSource
[07/09/22 16:31:22] getImmuneToSource
[07/09/22 16:31:22] getImmuneToSource
[07/09/22 16:31:22] getImmuneToSource
[07/09/22 16:31:22] getImmuneToSource
[07/09/22 16:31:22] getImmuneToSource
[07/09/22 16:31:22] getImmuneToSource
[07/09/22 16:31:22] getImmuneToAttack
[07/09/22 16:31:22] getImmuneToAttack
[07/09/22 16:31:22] getImmuneToAttack
[07/09/22 16:31:22] getImmuneToAttack
[07/09/22 16:31:22] getImmuneToAttack
[07/09/22 16:31:22] getImmuneToAttack
[07/09/22 16:31:22] getImmuneToAttack
[07/09/22 16:31:22] getImmuneToAttack
[07/09/22 16:31:22] getImmuneToAttack
[07/09/22 16:31:22] getImmuneToAttack
[07/09/22 16:31:22] getImmuneToAttack
[07/09/22 16:31:22] getImmuneToAttack
[07/09/22 16:31:22] getImmuneToAttack
[07/09/22 16:31:22] getImmuneToAttack
[07/09/22 16:31:22] getImmuneToAttack
[07/09/22 16:31:22] getImmuneToAttack
[07/09/22 16:31:22] getImmuneToAttack
[07/09/22 16:31:22] getImmuneToAttack
[07/09/22 16:31:22] getImmuneToAttack
[07/09/22 16:31:22] getImmuneToAttack
[07/09/22 16:31:22] getImmuneToAttack
[07/09/22 16:31:22] getImmuneToAttack
[07/09/22 16:31:22] getImmuneToAttack
[07/09/22 16:31:22] getImmuneToAttack
[07/09/22 16:31:22] getImmuneToAttack
[07/09/22 16:31:22] getImmuneToAttack
[07/09/22 16:31:22] getImmuneToAttack
[07/09/22 16:31:22] getImmuneToAttack
[07/09/22 16:31:22] getImmuneToAttack
[07/09/22 16:31:22] getImmuneToAttack
[07/09/22 16:31:22] getImmuneToAttack
[07/09/22 16:31:22] getImmuneToAttack
[07/09/22 16:31:22] getImmuneToAttack
[07/09/22 16:31:22] getImmuneToAttack
[07/09/22 16:31:22] getImmuneToAttack
[07/09/22 16:31:22] getImmuneToAttack
[07/09/22 16:31:22] getImmuneToAttack
[07/09/22 16:31:22] getImmuneToAttack
[07/09/22 16:31:22] getImmuneToAttack
[07/09/22 16:31:22] getImmuneToAttack
[07/09/22 16:31:22] getImmuneToAttack
[07/09/22 16:31:22] getImmuneToAttack
[07/09/22 16:31:22] getImmuneToAttack
[07/09/22 16:31:22] getImmuneToAttack
[07/09/22 16:31:22] getImmuneToAttack
[07/09/22 16:31:22] getImmuneToAttack
[07/09/22 16:31:22] getArmor
[07/09/22 16:31:22] getRegen
[07/09/22 16:31:22] getXpKilled
[07/09/22 16:31:22] getLeadership
[07/09/22 16:31:22] getAttackId
[07/09/22 16:31:22] getAttackClass
[07/09/22 16:31:22] getAttackSource
[07/09/22 16:31:22] getAttackReach
[07/09/22 16:31:22] getAttackInitiative
[07/09/22 16:31:22] getAttackLevel
[07/09/22 16:31:22] getAttackDamage
[07/09/22 16:31:22] getAttackNameTxt
[07/09/22 16:31:22] getAttackPower
[07/09/22 16:31:22] getAttackDamRatio
[07/09/22 16:31:22] getAttackDrRepeat
[07/09/22 16:31:22] getAttackDrSplit
[07/09/22 16:31:22] getAttackCritDamage
[07/09/22 16:31:22] getAttackCritPower
[07/09/22 16:31:22] getAttackDrain
[07/09/22 16:31:22] getAttackCritHit
[07/09/22 16:31:22] getAttackId
[07/09/22 16:31:22] getAttack2Id
[07/09/22 16:31:22] getAttack2Class
[07/09/22 16:31:22] getAttack2Source
[07/09/22 16:31:22] getAttack2Level
[07/09/22 16:31:22] getAttack2NameTxt
[07/09/22 16:31:22] getAttack2Power
[07/09/22 16:31:22] getAttack2DamRatio
[07/09/22 16:31:22] getAttack2DrRepeat
[07/09/22 16:31:22] getAttack2DrSplit
[07/09/22 16:31:22] getAttack2CritDamage
[07/09/22 16:31:22] getAttack2CritPower
[07/09/22 16:31:22] getAttack2Infinite
[07/09/22 16:31:22] getAttack2Id
[07/09/22 16:31:22] getAttack2Id
[07/09/22 16:31:22] getAttackId
[07/09/22 16:31:22] getAttackId
[07/09/22 16:31:22] getAtckTwice
[07/09/22 16:31:22] getModifierDisplay
[07/09/22 16:31:22] getModifierIconName
[07/09/22 16:31:22] getModifierDescTxt
